2018/04/15 21:43:24 [error] [exception.CDbException] exception 'CDbException' with message 'CDbConnection failed to open the DB connection: SQLSTATE[HY000] [1049] Unknown database 'testdrive'' in C:\xampp\htdocs\fileHasilEkstrak\framework\db\CDbConnection.php:399
Stack trace:
#0 C:\xampp\htdocs\fileHasilEkstrak\framework\db\CDbConnection.php(347): CDbConnection->open()
#1 C:\xampp\htdocs\fileHasilEkstrak\framework\db\CDbConnection.php(325): CDbConnection->setActive(true)
#2 C:\xampp\htdocs\fileHasilEkstrak\framework\base\CModule.php(394): CDbConnection->init()
#3 C:\xampp\htdocs\fileHasilEkstrak\framework\base\CModule.php(103): CModule->getComponent('db')
#4 C:\xampp\htdocs\fileHasilEkstrak\framework\gii\generators\model\ModelCode.php(60): CModule->__get('db')
#5 C:\xampp\htdocs\fileHasilEkstrak\framework\web\CFormModel.php(39): ModelCode->init()
#6 C:\xampp\htdocs\fileHasilEkstrak\framework\gii\CCodeGenerator.php(153): CFormModel->__construct()
#7 C:\xampp\htdocs\fileHasilEkstrak\framework\gii\CCodeGenerator.php(63): CCodeGenerator->prepare()
#8 C:\xampp\htdocs\fileHasilEkstrak\framework\web\actions\CInlineAction.php(49): CCodeGenerator->actionIndex()
#9 C:\xampp\htdocs\fileHasilEkstrak\framework\web\CController.php(308): CInlineAction->runWithParams(Array)
#10 C:\xampp\htdocs\fileHasilEkstrak\framework\web\CController.php(286): CController->runAction(Object(CInlineAction))
#11 C:\xampp\htdocs\fileHasilEkstrak\framework\web\CController.php(265): CController->runActionWithFilters(Object(CInlineAction), Array)
#12 C:\xampp\htdocs\fileHasilEkstrak\framework\web\CWebApplication.php(282): CController->run('index')
#13 C:\xampp\htdocs\fileHasilEkstrak\framework\web\CWebApplication.php(141): CWebApplication->runController('gii/model/index')
#14 C:\xampp\htdocs\fileHasilEkstrak\framework\base\CApplication.php(185): CWebApplication->processRequest()
#15 C:\xampp\htdocs\fileHasilEkstrak\MyFirstApp\index.php(13): CApplication->run()
#16 {main}
REQUEST_URI=/fileHasilEkstrak/MyFirstApp/index.php?r=gii/model/index
HTTP_REFERER=http://localhost/fileHasilEkstrak/MyFirstApp/index.php?r=gii
---
2018/04/15 21:43:43 [error] [exception.CDbException] exception 'CDbException' with message 'CDbConnection failed to open the DB connection: SQLSTATE[HY000] [1049] Unknown database 'testdrive'' in C:\xampp\htdocs\fileHasilEkstrak\framework\db\CDbConnection.php:399
Stack trace:
#0 C:\xampp\htdocs\fileHasilEkstrak\framework\db\CDbConnection.php(347): CDbConnection->open()
#1 C:\xampp\htdocs\fileHasilEkstrak\framework\db\CDbConnection.php(325): CDbConnection->setActive(true)
#2 C:\xampp\htdocs\fileHasilEkstrak\framework\base\CModule.php(394): CDbConnection->init()
#3 C:\xampp\htdocs\fileHasilEkstrak\framework\base\CModule.php(103): CModule->getComponent('db')
#4 C:\xampp\htdocs\fileHasilEkstrak\framework\gii\generators\model\ModelCode.php(60): CModule->__get('db')
#5 C:\xampp\htdocs\fileHasilEkstrak\framework\web\CFormModel.php(39): ModelCode->init()
#6 C:\xampp\htdocs\fileHasilEkstrak\framework\gii\CCodeGenerator.php(153): CFormModel->__construct()
#7 C:\xampp\htdocs\fileHasilEkstrak\framework\gii\CCodeGenerator.php(63): CCodeGenerator->prepare()
#8 C:\xampp\htdocs\fileHasilEkstrak\framework\web\actions\CInlineAction.php(49): CCodeGenerator->actionIndex()
#9 C:\xampp\htdocs\fileHasilEkstrak\framework\web\CController.php(308): CInlineAction->runWithParams(Array)
#10 C:\xampp\htdocs\fileHasilEkstrak\framework\web\CController.php(286): CController->runAction(Object(CInlineAction))
#11 C:\xampp\htdocs\fileHasilEkstrak\framework\web\CController.php(265): CController->runActionWithFilters(Object(CInlineAction), Array)
#12 C:\xampp\htdocs\fileHasilEkstrak\framework\web\CWebApplication.php(282): CController->run('index')
#13 C:\xampp\htdocs\fileHasilEkstrak\framework\web\CWebApplication.php(141): CWebApplication->runController('gii/model/index')
#14 C:\xampp\htdocs\fileHasilEkstrak\framework\base\CApplication.php(185): CWebApplication->processRequest()
#15 C:\xampp\htdocs\fileHasilEkstrak\MyFirstApp\index.php(13): CApplication->run()
#16 {main}
REQUEST_URI=/fileHasilEkstrak/MyFirstApp/index.php?r=gii/model/index
---
2018/04/15 21:43:59 [error] [exception.CDbException] exception 'CDbException' with message 'CDbConnection failed to open the DB connection: SQLSTATE[HY000] [1049] Unknown database 'testdrive'' in C:\xampp\htdocs\fileHasilEkstrak\framework\db\CDbConnection.php:399
Stack trace:
#0 C:\xampp\htdocs\fileHasilEkstrak\framework\db\CDbConnection.php(347): CDbConnection->open()
#1 C:\xampp\htdocs\fileHasilEkstrak\framework\db\CDbConnection.php(325): CDbConnection->setActive(true)
#2 C:\xampp\htdocs\fileHasilEkstrak\framework\base\CModule.php(394): CDbConnection->init()
#3 C:\xampp\htdocs\fileHasilEkstrak\framework\base\CModule.php(103): CModule->getComponent('db')
#4 C:\xampp\htdocs\fileHasilEkstrak\framework\gii\generators\model\ModelCode.php(60): CModule->__get('db')
#5 C:\xampp\htdocs\fileHasilEkstrak\framework\web\CFormModel.php(39): ModelCode->init()
#6 C:\xampp\htdocs\fileHasilEkstrak\framework\gii\CCodeGenerator.php(153): CFormModel->__construct()
#7 C:\xampp\htdocs\fileHasilEkstrak\framework\gii\CCodeGenerator.php(63): CCodeGenerator->prepare()
#8 C:\xampp\htdocs\fileHasilEkstrak\framework\web\actions\CInlineAction.php(49): CCodeGenerator->actionIndex()
#9 C:\xampp\htdocs\fileHasilEkstrak\framework\web\CController.php(308): CInlineAction->runWithParams(Array)
#10 C:\xampp\htdocs\fileHasilEkstrak\framework\web\CController.php(286): CController->runAction(Object(CInlineAction))
#11 C:\xampp\htdocs\fileHasilEkstrak\framework\web\CController.php(265): CController->runActionWithFilters(Object(CInlineAction), Array)
#12 C:\xampp\htdocs\fileHasilEkstrak\framework\web\CWebApplication.php(282): CController->run('index')
#13 C:\xampp\htdocs\fileHasilEkstrak\framework\web\CWebApplication.php(141): CWebApplication->runController('gii/model/index')
#14 C:\xampp\htdocs\fileHasilEkstrak\framework\base\CApplication.php(185): CWebApplication->processRequest()
#15 C:\xampp\htdocs\fileHasilEkstrak\MyFirstApp\index.php(13): CApplication->run()
#16 {main}
REQUEST_URI=/fileHasilEkstrak/MyFirstApp/index.php?r=gii/model/index
HTTP_REFERER=http://localhost/fileHasilEkstrak/MyFirstApp/index.php?r=gii
---
2018/04/15 21:54:44 [error] [exception.CHttpException.404] exception 'CHttpException' with message 'Unable to resolve the request "identitas".' in C:\xampp\htdocs\fileHasilEkstrak\framework\web\CWebApplication.php:286
Stack trace:
#0 C:\xampp\htdocs\fileHasilEkstrak\framework\web\CWebApplication.php(141): CWebApplication->runController('identitas')
#1 C:\xampp\htdocs\fileHasilEkstrak\framework\base\CApplication.php(185): CWebApplication->processRequest()
#2 C:\xampp\htdocs\fileHasilEkstrak\MyFirstApp\index.php(13): CApplication->run()
#3 {main}
REQUEST_URI=/fileHasilEkstrak/MyFirstApp/index.php?r=identitas
---
2018/04/15 21:54:49 [error] [exception.CHttpException.404] exception 'CHttpException' with message 'Unable to resolve the request "Identitas".' in C:\xampp\htdocs\fileHasilEkstrak\framework\web\CWebApplication.php:286
Stack trace:
#0 C:\xampp\htdocs\fileHasilEkstrak\framework\web\CWebApplication.php(141): CWebApplication->runController('Identitas')
#1 C:\xampp\htdocs\fileHasilEkstrak\framework\base\CApplication.php(185): CWebApplication->processRequest()
#2 C:\xampp\htdocs\fileHasilEkstrak\MyFirstApp\index.php(13): CApplication->run()
#3 {main}
REQUEST_URI=/fileHasilEkstrak/MyFirstApp/index.php?r=Identitas
---
2018/04/15 21:55:04 [error] [exception.CHttpException.404] exception 'CHttpException' with message 'Unable to resolve the request "identitas".' in C:\xampp\htdocs\fileHasilEkstrak\framework\web\CWebApplication.php:286
Stack trace:
#0 C:\xampp\htdocs\fileHasilEkstrak\framework\web\CWebApplication.php(141): CWebApplication->runController('identitas')
#1 C:\xampp\htdocs\fileHasilEkstrak\framework\base\CApplication.php(185): CWebApplication->processRequest()
#2 C:\xampp\htdocs\fileHasilEkstrak\MyFirstApp\index.php(13): CApplication->run()
#3 {main}
REQUEST_URI=/fileHasilEkstrak/MyFirstApp/index.php?r=identitas
---
2018/04/15 21:56:10 [error] [exception.CHttpException.404] exception 'CHttpException' with message 'Unable to find the code you requested.' in C:\xampp\htdocs\fileHasilEkstrak\framework\gii\CCodeGenerator.php:90
Stack trace:
#0 C:\xampp\htdocs\fileHasilEkstrak\framework\web\actions\CInlineAction.php(49): CCodeGenerator->actionCode()
#1 C:\xampp\htdocs\fileHasilEkstrak\framework\web\CController.php(308): CInlineAction->runWithParams(Array)
#2 C:\xampp\htdocs\fileHasilEkstrak\framework\web\CController.php(286): CController->runAction(Object(CInlineAction))
#3 C:\xampp\htdocs\fileHasilEkstrak\framework\web\CController.php(265): CController->runActionWithFilters(Object(CInlineAction), Array)
#4 C:\xampp\htdocs\fileHasilEkstrak\framework\web\CWebApplication.php(282): CController->run('code')
#5 C:\xampp\htdocs\fileHasilEkstrak\framework\web\CWebApplication.php(141): CWebApplication->runController('gii/crud/code')
#6 C:\xampp\htdocs\fileHasilEkstrak\framework\base\CApplication.php(185): CWebApplication->processRequest()
#7 C:\xampp\htdocs\fileHasilEkstrak\MyFirstApp\index.php(13): CApplication->run()
#8 {main}
REQUEST_URI=/fileHasilEkstrak/MyFirstApp/index.php?r=gii/crud/code&id=0
HTTP_REFERER=http://localhost/fileHasilEkstrak/MyFirstApp/index.php?r=gii/crud/index
---
2018/04/15 22:59:31 [error] [php] Use of undefined constant tesaja - assumed 'tesaja' (C:\xampp\htdocs\fileHasilEkstrak\MyFirstApp\protected\views\site\index.php:4)
Stack trace:
#0 C:\xampp\htdocs\fileHasilEkstrak\framework\web\CController.php(872): SiteController->renderFile()
#1 C:\xampp\htdocs\fileHasilEkstrak\framework\web\CController.php(785): SiteController->renderPartial()
#2 C:\xampp\htdocs\fileHasilEkstrak\MyFirstApp\protected\controllers\SiteController.php(32): SiteController->render()
#3 C:\xampp\htdocs\fileHasilEkstrak\framework\web\actions\CInlineAction.php(49): SiteController->actionIndex()
#4 C:\xampp\htdocs\fileHasilEkstrak\framework\web\CController.php(308): CInlineAction->runWithParams()
#5 C:\xampp\htdocs\fileHasilEkstrak\framework\web\CController.php(286): SiteController->runAction()
#6 C:\xampp\htdocs\fileHasilEkstrak\framework\web\CController.php(265): SiteController->runActionWithFilters()
#7 C:\xampp\htdocs\fileHasilEkstrak\framework\web\CWebApplication.php(282): SiteController->run()
#8 C:\xampp\htdocs\fileHasilEkstrak\framework\web\CWebApplication.php(141): CWebApplication->runController()
#9 C:\xampp\htdocs\fileHasilEkstrak\framework\base\CApplication.php(185): CWebApplication->processRequest()
#10 C:\xampp\htdocs\fileHasilEkstrak\MyFirstApp\index.php(13): CWebApplication->run()
REQUEST_URI=/fileHasilEkstrak/MyFirstApp/index.php?r=site/index
in C:\xampp\htdocs\fileHasilEkstrak\MyFirstApp\protected\views\site\index.php (4)
in C:\xampp\htdocs\fileHasilEkstrak\MyFirstApp\protected\controllers\SiteController.php (32)
in C:\xampp\htdocs\fileHasilEkstrak\MyFirstApp\index.php (13)
2018/04/15 23:19:00 [error] [exception.CException] exception 'CException' with message 'Yii application can only be created once.' in C:\xampp\htdocs\fileHasilEkstrak\framework\YiiBase.php:152
Stack trace:
#0 C:\xampp\htdocs\fileHasilEkstrak\framework\base\CApplication.php(134): YiiBase::setApplication(Object(CWebApplication))
#1 C:\xampp\htdocs\fileHasilEkstrak\framework\YiiBase.php(125): CApplication->__construct('C:\\xampp\\htdocs...')
#2 C:\xampp\htdocs\fileHasilEkstrak\framework\YiiBase.php(98): YiiBase::createApplication('CWebApplication', 'C:\\xampp\\htdocs...')
#3 C:\xampp\htdocs\fileHasilEkstrak\MyFirstApp\index.php(13): YiiBase::createWebApplication('C:\\xampp\\htdocs...')
#4 C:\xampp\htdocs\fileHasilEkstrak\MyFirstApp\protected\views\site\index.php(3): include('C:\\xampp\\htdocs...')
#5 C:\xampp\htdocs\fileHasilEkstrak\framework\web\CBaseController.php(126): require('C:\\xampp\\htdocs...')
#6 C:\xampp\htdocs\fileHasilEkstrak\framework\web\CBaseController.php(95): CBaseController->renderInternal('C:\\xampp\\htdocs...', NULL, true)
#7 C:\xampp\htdocs\fileHasilEkstrak\framework\web\CController.php(872): CBaseController->renderFile('C:\\xampp\\htdocs...', NULL, true)
#8 C:\xampp\htdocs\fileHasilEkstrak\framework\web\CController.php(785): CController->renderPartial('index', NULL, true)
#9 C:\xampp\htdocs\fileHasilEkstrak\MyFirstApp\protected\controllers\SiteController.php(32): CController->render('index')
#10 C:\xampp\htdocs\fileHasilEkstrak\framework\web\actions\CInlineAction.php(49): SiteController->actionIndex()
#11 C:\xampp\htdocs\fileHasilEkstrak\framework\web\CController.php(308): CInlineAction->runWithParams(Array)
#12 C:\xampp\htdocs\fileHasilEkstrak\framework\web\CController.php(286): CController->runAction(Object(CInlineAction))
#13 C:\xampp\htdocs\fileHasilEkstrak\framework\web\CController.php(265): CController->runActionWithFilters(Object(CInlineAction), Array)
#14 C:\xampp\htdocs\fileHasilEkstrak\framework\web\CWebApplication.php(282): CController->run('index')
#15 C:\xampp\htdocs\fileHasilEkstrak\framework\web\CWebApplication.php(141): CWebApplication->runController('site/index')
#16 C:\xampp\htdocs\fileHasilEkstrak\framework\base\CApplication.php(185): CWebApplication->processRequest()
#17 C:\xampp\htdocs\fileHasilEkstrak\MyFirstApp\index.php(13): CApplication->run()
#18 {main}
REQUEST_URI=/fileHasilEkstrak/MyFirstApp/index.php?r=site/index
---
2018/04/15 23:34:50 [error] [exception.CDbException] exception 'CDbException' with message 'CDbConnection failed to open the DB connection: SQLSTATE[HY000] [1045] Access denied for user 'root'@'localhost' (using password: YES)' in C:\xampp\htdocs\fileHasilEkstrak\framework\db\CDbConnection.php:399
Stack trace:
#0 C:\xampp\htdocs\fileHasilEkstrak\framework\db\CDbConnection.php(347): CDbConnection->open()
#1 C:\xampp\htdocs\fileHasilEkstrak\framework\db\CDbConnection.php(325): CDbConnection->setActive(true)
#2 C:\xampp\htdocs\fileHasilEkstrak\framework\base\CModule.php(394): CDbConnection->init()
#3 C:\xampp\htdocs\fileHasilEkstrak\framework\base\CApplication.php(459): CModule->getComponent('db')
#4 C:\xampp\htdocs\fileHasilEkstrak\framework\db\ar\CActiveRecord.php(639): CApplication->getDb()
#5 C:\xampp\htdocs\fileHasilEkstrak\framework\db\ar\CActiveRecord.php(672): CActiveRecord->getDbConnection()
#6 C:\xampp\htdocs\fileHasilEkstrak\framework\db\ar\CActiveRecord.php(1604): CActiveRecord->getCommandBuilder()
#7 C:\xampp\htdocs\fileHasilEkstrak\framework\web\CActiveDataProvider.php(228): CActiveRecord->count(Object(CDbCriteria))
#8 C:\xampp\htdocs\fileHasilEkstrak\framework\web\CDataProvider.php(224): CActiveDataProvider->calculateTotalItemCount()
#9 C:\xampp\htdocs\fileHasilEkstrak\framework\web\CActiveDataProvider.php(178): CDataProvider->getTotalItemCount()
#10 C:\xampp\htdocs\fileHasilEkstrak\framework\web\CDataProvider.php(168): CActiveDataProvider->fetchData()
#11 C:\xampp\htdocs\fileHasilEkstrak\framework\zii\widgets\CBaseListView.php(125): CDataProvider->getData()
#12 C:\xampp\htdocs\fileHasilEkstrak\framework\zii\widgets\CListView.php(211): CBaseListView->init()
#13 C:\xampp\htdocs\fileHasilEkstrak\framework\web\CBaseController.php(147): CListView->init()
#14 C:\xampp\htdocs\fileHasilEkstrak\framework\web\CBaseController.php(181): CBaseController->createWidget('zii.widgets.CLi...', Array)
#15 C:\xampp\htdocs\fileHasilEkstrak\MyFirstApp\protected\views\identitas\index.php(20): CBaseController->widget('zii.widgets.CLi...', Array)
#16 C:\xampp\htdocs\fileHasilEkstrak\framework\web\CBaseController.php(126): require('C:\\xampp\\htdocs...')
#17 C:\xampp\htdocs\fileHasilEkstrak\framework\web\CBaseController.php(95): CBaseController->renderInternal('C:\\xampp\\htdocs...', Array, true)
#18 C:\xampp\htdocs\fileHasilEkstrak\framework\web\CController.php(872): CBaseController->renderFile('C:\\xampp\\htdocs...', Array, true)
#19 C:\xampp\htdocs\fileHasilEkstrak\framework\web\CController.php(785): CController->renderPartial('index', Array, true)
#20 C:\xampp\htdocs\fileHasilEkstrak\MyFirstApp\protected\controllers\IdentitasController.php(128): CController->render('index', Array)
#21 C:\xampp\htdocs\fileHasilEkstrak\framework\web\actions\CInlineAction.php(49): IdentitasController->actionIndex()
#22 C:\xampp\htdocs\fileHasilEkstrak\framework\web\CController.php(308): CInlineAction->runWithParams(Array)
#23 C:\xampp\htdocs\fileHasilEkstrak\framework\web\filters\CFilterChain.php(134): CController->runAction(Object(CInlineAction))
#24 C:\xampp\htdocs\fileHasilEkstrak\framework\web\filters\CFilter.php(40): CFilterChain->run()
#25 C:\xampp\htdocs\fileHasilEkstrak\framework\web\CController.php(1148): CFilter->filter(Object(CFilterChain))
#26 C:\xampp\htdocs\fileHasilEkstrak\framework\web\filters\CInlineFilter.php(58): CController->filterAccessControl(Object(CFilterChain))
#27 C:\xampp\htdocs\fileHasilEkstrak\framework\web\filters\CFilterChain.php(131): CInlineFilter->filter(Object(CFilterChain))
#28 C:\xampp\htdocs\fileHasilEkstrak\framework\web\CController.php(291): CFilterChain->run()
#29 C:\xampp\htdocs\fileHasilEkstrak\framework\web\CController.php(265): CController->runActionWithFilters(Object(CInlineAction), Array)
#30 C:\xampp\htdocs\fileHasilEkstrak\framework\web\CWebApplication.php(282): CController->run('')
#31 C:\xampp\htdocs\fileHasilEkstrak\framework\web\CWebApplication.php(141): CWebApplication->runController('identitas')
#32 C:\xampp\htdocs\fileHasilEkstrak\framework\base\CApplication.php(185): CWebApplication->processRequest()
#33 C:\xampp\htdocs\fileHasilEkstrak\MyFirstApp\index.php(13): CApplication->run()
#34 {main}
REQUEST_URI=/fileHasilEkstrak/MyFirstApp/index.php?r=identitas
---
2018/04/15 23:35:02 [error] [exception.CDbException] exception 'CDbException' with message 'CDbConnection failed to open the DB connection: SQLSTATE[HY000] [1045] Access denied for user 'root'@'localhost' (using password: YES)' in C:\xampp\htdocs\fileHasilEkstrak\framework\db\CDbConnection.php:399
Stack trace:
#0 C:\xampp\htdocs\fileHasilEkstrak\framework\db\CDbConnection.php(347): CDbConnection->open()
#1 C:\xampp\htdocs\fileHasilEkstrak\framework\db\CDbConnection.php(325): CDbConnection->setActive(true)
#2 C:\xampp\htdocs\fileHasilEkstrak\framework\base\CModule.php(394): CDbConnection->init()
#3 C:\xampp\htdocs\fileHasilEkstrak\framework\base\CApplication.php(459): CModule->getComponent('db')
#4 C:\xampp\htdocs\fileHasilEkstrak\framework\db\ar\CActiveRecord.php(639): CApplication->getDb()
#5 C:\xampp\htdocs\fileHasilEkstrak\framework\db\ar\CActiveRecord.php(672): CActiveRecord->getDbConnection()
#6 C:\xampp\htdocs\fileHasilEkstrak\framework\db\ar\CActiveRecord.php(1604): CActiveRecord->getCommandBuilder()
#7 C:\xampp\htdocs\fileHasilEkstrak\framework\web\CActiveDataProvider.php(228): CActiveRecord->count(Object(CDbCriteria))
#8 C:\xampp\htdocs\fileHasilEkstrak\framework\web\CDataProvider.php(224): CActiveDataProvider->calculateTotalItemCount()
#9 C:\xampp\htdocs\fileHasilEkstrak\framework\web\CActiveDataProvider.php(178): CDataProvider->getTotalItemCount()
#10 C:\xampp\htdocs\fileHasilEkstrak\framework\web\CDataProvider.php(168): CActiveDataProvider->fetchData()
#11 C:\xampp\htdocs\fileHasilEkstrak\framework\zii\widgets\CBaseListView.php(125): CDataProvider->getData()
#12 C:\xampp\htdocs\fileHasilEkstrak\framework\zii\widgets\CListView.php(211): CBaseListView->init()
#13 C:\xampp\htdocs\fileHasilEkstrak\framework\web\CBaseController.php(147): CListView->init()
#14 C:\xampp\htdocs\fileHasilEkstrak\framework\web\CBaseController.php(181): CBaseController->createWidget('zii.widgets.CLi...', Array)
#15 C:\xampp\htdocs\fileHasilEkstrak\MyFirstApp\protected\views\identitas\index.php(20): CBaseController->widget('zii.widgets.CLi...', Array)
#16 C:\xampp\htdocs\fileHasilEkstrak\framework\web\CBaseController.php(126): require('C:\\xampp\\htdocs...')
#17 C:\xampp\htdocs\fileHasilEkstrak\framework\web\CBaseController.php(95): CBaseController->renderInternal('C:\\xampp\\htdocs...', Array, true)
#18 C:\xampp\htdocs\fileHasilEkstrak\framework\web\CController.php(872): CBaseController->renderFile('C:\\xampp\\htdocs...', Array, true)
#19 C:\xampp\htdocs\fileHasilEkstrak\framework\web\CController.php(785): CController->renderPartial('index', Array, true)
#20 C:\xampp\htdocs\fileHasilEkstrak\MyFirstApp\protected\controllers\IdentitasController.php(128): CController->render('index', Array)
#21 C:\xampp\htdocs\fileHasilEkstrak\framework\web\actions\CInlineAction.php(49): IdentitasController->actionIndex()
#22 C:\xampp\htdocs\fileHasilEkstrak\framework\web\CController.php(308): CInlineAction->runWithParams(Array)
#23 C:\xampp\htdocs\fileHasilEkstrak\framework\web\filters\CFilterChain.php(134): CController->runAction(Object(CInlineAction))
#24 C:\xampp\htdocs\fileHasilEkstrak\framework\web\filters\CFilter.php(40): CFilterChain->run()
#25 C:\xampp\htdocs\fileHasilEkstrak\framework\web\CController.php(1148): CFilter->filter(Object(CFilterChain))
#26 C:\xampp\htdocs\fileHasilEkstrak\framework\web\filters\CInlineFilter.php(58): CController->filterAccessControl(Object(CFilterChain))
#27 C:\xampp\htdocs\fileHasilEkstrak\framework\web\filters\CFilterChain.php(131): CInlineFilter->filter(Object(CFilterChain))
#28 C:\xampp\htdocs\fileHasilEkstrak\framework\web\CController.php(291): CFilterChain->run()
#29 C:\xampp\htdocs\fileHasilEkstrak\framework\web\CController.php(265): CController->runActionWithFilters(Object(CInlineAction), Array)
#30 C:\xampp\htdocs\fileHasilEkstrak\framework\web\CWebApplication.php(282): CController->run('')
#31 C:\xampp\htdocs\fileHasilEkstrak\framework\web\CWebApplication.php(141): CWebApplication->runController('identitas')
#32 C:\xampp\htdocs\fileHasilEkstrak\framework\base\CApplication.php(185): CWebApplication->processRequest()
#33 C:\xampp\htdocs\fileHasilEkstrak\MyFirstApp\index.php(13): CApplication->run()
#34 {main}
REQUEST_URI=/fileHasilEkstrak/MyFirstApp/index.php?r=identitas
---
2018/04/15 23:35:20 [error] [exception.CDbException] exception 'CDbException' with message 'CDbConnection failed to open the DB connection: SQLSTATE[HY000] [1045] Access denied for user 'root'@'localhost' (using password: YES)' in C:\xampp\htdocs\fileHasilEkstrak\framework\db\CDbConnection.php:399
Stack trace:
#0 C:\xampp\htdocs\fileHasilEkstrak\framework\db\CDbConnection.php(347): CDbConnection->open()
#1 C:\xampp\htdocs\fileHasilEkstrak\framework\db\CDbConnection.php(325): CDbConnection->setActive(true)
#2 C:\xampp\htdocs\fileHasilEkstrak\framework\base\CModule.php(394): CDbConnection->init()
#3 C:\xampp\htdocs\fileHasilEkstrak\framework\base\CApplication.php(459): CModule->getComponent('db')
#4 C:\xampp\htdocs\fileHasilEkstrak\framework\db\ar\CActiveRecord.php(639): CApplication->getDb()
#5 C:\xampp\htdocs\fileHasilEkstrak\framework\db\ar\CActiveRecord.php(672): CActiveRecord->getDbConnection()
#6 C:\xampp\htdocs\fileHasilEkstrak\framework\db\ar\CActiveRecord.php(1604): CActiveRecord->getCommandBuilder()
#7 C:\xampp\htdocs\fileHasilEkstrak\framework\web\CActiveDataProvider.php(228): CActiveRecord->count(Object(CDbCriteria))
#8 C:\xampp\htdocs\fileHasilEkstrak\framework\web\CDataProvider.php(224): CActiveDataProvider->calculateTotalItemCount()
#9 C:\xampp\htdocs\fileHasilEkstrak\framework\web\CActiveDataProvider.php(178): CDataProvider->getTotalItemCount()
#10 C:\xampp\htdocs\fileHasilEkstrak\framework\web\CDataProvider.php(168): CActiveDataProvider->fetchData()
#11 C:\xampp\htdocs\fileHasilEkstrak\framework\zii\widgets\CBaseListView.php(125): CDataProvider->getData()
#12 C:\xampp\htdocs\fileHasilEkstrak\framework\zii\widgets\CListView.php(211): CBaseListView->init()
#13 C:\xampp\htdocs\fileHasilEkstrak\framework\web\CBaseController.php(147): CListView->init()
#14 C:\xampp\htdocs\fileHasilEkstrak\framework\web\CBaseController.php(181): CBaseController->createWidget('zii.widgets.CLi...', Array)
#15 C:\xampp\htdocs\fileHasilEkstrak\MyFirstApp\protected\views\identitas\index.php(20): CBaseController->widget('zii.widgets.CLi...', Array)
#16 C:\xampp\htdocs\fileHasilEkstrak\framework\web\CBaseController.php(126): require('C:\\xampp\\htdocs...')
#17 C:\xampp\htdocs\fileHasilEkstrak\framework\web\CBaseController.php(95): CBaseController->renderInternal('C:\\xampp\\htdocs...', Array, true)
#18 C:\xampp\htdocs\fileHasilEkstrak\framework\web\CController.php(872): CBaseController->renderFile('C:\\xampp\\htdocs...', Array, true)
#19 C:\xampp\htdocs\fileHasilEkstrak\framework\web\CController.php(785): CController->renderPartial('index', Array, true)
#20 C:\xampp\htdocs\fileHasilEkstrak\MyFirstApp\protected\controllers\IdentitasController.php(128): CController->render('index', Array)
#21 C:\xampp\htdocs\fileHasilEkstrak\framework\web\actions\CInlineAction.php(49): IdentitasController->actionIndex()
#22 C:\xampp\htdocs\fileHasilEkstrak\framework\web\CController.php(308): CInlineAction->runWithParams(Array)
#23 C:\xampp\htdocs\fileHasilEkstrak\framework\web\filters\CFilterChain.php(134): CController->runAction(Object(CInlineAction))
#24 C:\xampp\htdocs\fileHasilEkstrak\framework\web\filters\CFilter.php(40): CFilterChain->run()
#25 C:\xampp\htdocs\fileHasilEkstrak\framework\web\CController.php(1148): CFilter->filter(Object(CFilterChain))
#26 C:\xampp\htdocs\fileHasilEkstrak\framework\web\filters\CInlineFilter.php(58): CController->filterAccessControl(Object(CFilterChain))
#27 C:\xampp\htdocs\fileHasilEkstrak\framework\web\filters\CFilterChain.php(131): CInlineFilter->filter(Object(CFilterChain))
#28 C:\xampp\htdocs\fileHasilEkstrak\framework\web\CController.php(291): CFilterChain->run()
#29 C:\xampp\htdocs\fileHasilEkstrak\framework\web\CController.php(265): CController->runActionWithFilters(Object(CInlineAction), Array)
#30 C:\xampp\htdocs\fileHasilEkstrak\framework\web\CWebApplication.php(282): CController->run('')
#31 C:\xampp\htdocs\fileHasilEkstrak\framework\web\CWebApplication.php(141): CWebApplication->runController('Identitas')
#32 C:\xampp\htdocs\fileHasilEkstrak\framework\base\CApplication.php(185): CWebApplication->processRequest()
#33 C:\xampp\htdocs\fileHasilEkstrak\MyFirstApp\index.php(13): CApplication->run()
#34 {main}
REQUEST_URI=/fileHasilEkstrak/MyFirstApp/index.php?r=Identitas
---
2018/04/15 23:35:32 [error] [exception.CDbException] exception 'CDbException' with message 'CDbConnection failed to open the DB connection: SQLSTATE[HY000] [1045] Access denied for user 'root'@'localhost' (using password: YES)' in C:\xampp\htdocs\fileHasilEkstrak\framework\db\CDbConnection.php:399
Stack trace:
#0 C:\xampp\htdocs\fileHasilEkstrak\framework\db\CDbConnection.php(347): CDbConnection->open()
#1 C:\xampp\htdocs\fileHasilEkstrak\framework\db\CDbConnection.php(325): CDbConnection->setActive(true)
#2 C:\xampp\htdocs\fileHasilEkstrak\framework\base\CModule.php(394): CDbConnection->init()
#3 C:\xampp\htdocs\fileHasilEkstrak\framework\base\CApplication.php(459): CModule->getComponent('db')
#4 C:\xampp\htdocs\fileHasilEkstrak\framework\db\ar\CActiveRecord.php(639): CApplication->getDb()
#5 C:\xampp\htdocs\fileHasilEkstrak\framework\db\ar\CActiveRecord.php(672): CActiveRecord->getDbConnection()
#6 C:\xampp\htdocs\fileHasilEkstrak\framework\db\ar\CActiveRecord.php(1604): CActiveRecord->getCommandBuilder()
#7 C:\xampp\htdocs\fileHasilEkstrak\framework\web\CActiveDataProvider.php(228): CActiveRecord->count(Object(CDbCriteria))
#8 C:\xampp\htdocs\fileHasilEkstrak\framework\web\CDataProvider.php(224): CActiveDataProvider->calculateTotalItemCount()
#9 C:\xampp\htdocs\fileHasilEkstrak\framework\web\CActiveDataProvider.php(178): CDataProvider->getTotalItemCount()
#10 C:\xampp\htdocs\fileHasilEkstrak\framework\web\CDataProvider.php(168): CActiveDataProvider->fetchData()
#11 C:\xampp\htdocs\fileHasilEkstrak\framework\zii\widgets\CBaseListView.php(125): CDataProvider->getData()
#12 C:\xampp\htdocs\fileHasilEkstrak\framework\zii\widgets\CListView.php(211): CBaseListView->init()
#13 C:\xampp\htdocs\fileHasilEkstrak\framework\web\CBaseController.php(147): CListView->init()
#14 C:\xampp\htdocs\fileHasilEkstrak\framework\web\CBaseController.php(181): CBaseController->createWidget('zii.widgets.CLi...', Array)
#15 C:\xampp\htdocs\fileHasilEkstrak\MyFirstApp\protected\views\identitas\index.php(20): CBaseController->widget('zii.widgets.CLi...', Array)
#16 C:\xampp\htdocs\fileHasilEkstrak\framework\web\CBaseController.php(126): require('C:\\xampp\\htdocs...')
#17 C:\xampp\htdocs\fileHasilEkstrak\framework\web\CBaseController.php(95): CBaseController->renderInternal('C:\\xampp\\htdocs...', Array, true)
#18 C:\xampp\htdocs\fileHasilEkstrak\framework\web\CController.php(872): CBaseController->renderFile('C:\\xampp\\htdocs...', Array, true)
#19 C:\xampp\htdocs\fileHasilEkstrak\framework\web\CController.php(785): CController->renderPartial('index', Array, true)
#20 C:\xampp\htdocs\fileHasilEkstrak\MyFirstApp\protected\controllers\IdentitasController.php(128): CController->render('index', Array)
#21 C:\xampp\htdocs\fileHasilEkstrak\framework\web\actions\CInlineAction.php(49): IdentitasController->actionIndex()
#22 C:\xampp\htdocs\fileHasilEkstrak\framework\web\CController.php(308): CInlineAction->runWithParams(Array)
#23 C:\xampp\htdocs\fileHasilEkstrak\framework\web\filters\CFilterChain.php(134): CController->runAction(Object(CInlineAction))
#24 C:\xampp\htdocs\fileHasilEkstrak\framework\web\filters\CFilter.php(40): CFilterChain->run()
#25 C:\xampp\htdocs\fileHasilEkstrak\framework\web\CController.php(1148): CFilter->filter(Object(CFilterChain))
#26 C:\xampp\htdocs\fileHasilEkstrak\framework\web\filters\CInlineFilter.php(58): CController->filterAccessControl(Object(CFilterChain))
#27 C:\xampp\htdocs\fileHasilEkstrak\framework\web\filters\CFilterChain.php(131): CInlineFilter->filter(Object(CFilterChain))
#28 C:\xampp\htdocs\fileHasilEkstrak\framework\web\CController.php(291): CFilterChain->run()
#29 C:\xampp\htdocs\fileHasilEkstrak\framework\web\CController.php(265): CController->runActionWithFilters(Object(CInlineAction), Array)
#30 C:\xampp\htdocs\fileHasilEkstrak\framework\web\CWebApplication.php(282): CController->run('')
#31 C:\xampp\htdocs\fileHasilEkstrak\framework\web\CWebApplication.php(141): CWebApplication->runController('identitas')
#32 C:\xampp\htdocs\fileHasilEkstrak\framework\base\CApplication.php(185): CWebApplication->processRequest()
#33 C:\xampp\htdocs\fileHasilEkstrak\MyFirstApp\index.php(13): CApplication->run()
#34 {main}
REQUEST_URI=/fileHasilEkstrak/MyFirstApp/index.php?r=identitas
---
2018/04/15 23:35:44 [error] [exception.CDbException] exception 'CDbException' with message 'CDbConnection failed to open the DB connection: SQLSTATE[HY000] [1045] Access denied for user 'root'@'localhost' (using password: YES)' in C:\xampp\htdocs\fileHasilEkstrak\framework\db\CDbConnection.php:399
Stack trace:
#0 C:\xampp\htdocs\fileHasilEkstrak\framework\db\CDbConnection.php(347): CDbConnection->open()
#1 C:\xampp\htdocs\fileHasilEkstrak\framework\db\CDbConnection.php(325): CDbConnection->setActive(true)
#2 C:\xampp\htdocs\fileHasilEkstrak\framework\base\CModule.php(394): CDbConnection->init()
#3 C:\xampp\htdocs\fileHasilEkstrak\framework\base\CApplication.php(459): CModule->getComponent('db')
#4 C:\xampp\htdocs\fileHasilEkstrak\framework\db\ar\CActiveRecord.php(639): CApplication->getDb()
#5 C:\xampp\htdocs\fileHasilEkstrak\framework\db\ar\CActiveRecord.php(672): CActiveRecord->getDbConnection()
#6 C:\xampp\htdocs\fileHasilEkstrak\framework\db\ar\CActiveRecord.php(1604): CActiveRecord->getCommandBuilder()
#7 C:\xampp\htdocs\fileHasilEkstrak\framework\web\CActiveDataProvider.php(228): CActiveRecord->count(Object(CDbCriteria))
#8 C:\xampp\htdocs\fileHasilEkstrak\framework\web\CDataProvider.php(224): CActiveDataProvider->calculateTotalItemCount()
#9 C:\xampp\htdocs\fileHasilEkstrak\framework\web\CActiveDataProvider.php(178): CDataProvider->getTotalItemCount()
#10 C:\xampp\htdocs\fileHasilEkstrak\framework\web\CDataProvider.php(168): CActiveDataProvider->fetchData()
#11 C:\xampp\htdocs\fileHasilEkstrak\framework\zii\widgets\CBaseListView.php(125): CDataProvider->getData()
#12 C:\xampp\htdocs\fileHasilEkstrak\framework\zii\widgets\CListView.php(211): CBaseListView->init()
#13 C:\xampp\htdocs\fileHasilEkstrak\framework\web\CBaseController.php(147): CListView->init()
#14 C:\xampp\htdocs\fileHasilEkstrak\framework\web\CBaseController.php(181): CBaseController->createWidget('zii.widgets.CLi...', Array)
#15 C:\xampp\htdocs\fileHasilEkstrak\MyFirstApp\protected\views\identitas\index.php(20): CBaseController->widget('zii.widgets.CLi...', Array)
#16 C:\xampp\htdocs\fileHasilEkstrak\framework\web\CBaseController.php(126): require('C:\\xampp\\htdocs...')
#17 C:\xampp\htdocs\fileHasilEkstrak\framework\web\CBaseController.php(95): CBaseController->renderInternal('C:\\xampp\\htdocs...', Array, true)
#18 C:\xampp\htdocs\fileHasilEkstrak\framework\web\CController.php(872): CBaseController->renderFile('C:\\xampp\\htdocs...', Array, true)
#19 C:\xampp\htdocs\fileHasilEkstrak\framework\web\CController.php(785): CController->renderPartial('index', Array, true)
#20 C:\xampp\htdocs\fileHasilEkstrak\MyFirstApp\protected\controllers\IdentitasController.php(128): CController->render('index', Array)
#21 C:\xampp\htdocs\fileHasilEkstrak\framework\web\actions\CInlineAction.php(49): IdentitasController->actionIndex()
#22 C:\xampp\htdocs\fileHasilEkstrak\framework\web\CController.php(308): CInlineAction->runWithParams(Array)
#23 C:\xampp\htdocs\fileHasilEkstrak\framework\web\filters\CFilterChain.php(134): CController->runAction(Object(CInlineAction))
#24 C:\xampp\htdocs\fileHasilEkstrak\framework\web\filters\CFilter.php(40): CFilterChain->run()
#25 C:\xampp\htdocs\fileHasilEkstrak\framework\web\CController.php(1148): CFilter->filter(Object(CFilterChain))
#26 C:\xampp\htdocs\fileHasilEkstrak\framework\web\filters\CInlineFilter.php(58): CController->filterAccessControl(Object(CFilterChain))
#27 C:\xampp\htdocs\fileHasilEkstrak\framework\web\filters\CFilterChain.php(131): CInlineFilter->filter(Object(CFilterChain))
#28 C:\xampp\htdocs\fileHasilEkstrak\framework\web\CController.php(291): CFilterChain->run()
#29 C:\xampp\htdocs\fileHasilEkstrak\framework\web\CController.php(265): CController->runActionWithFilters(Object(CInlineAction), Array)
#30 C:\xampp\htdocs\fileHasilEkstrak\framework\web\CWebApplication.php(282): CController->run('')
#31 C:\xampp\htdocs\fileHasilEkstrak\framework\web\CWebApplication.php(141): CWebApplication->runController('identitas')
#32 C:\xampp\htdocs\fileHasilEkstrak\framework\base\CApplication.php(185): CWebApplication->processRequest()
#33 C:\xampp\htdocs\fileHasilEkstrak\MyFirstApp\index.php(13): CApplication->run()
#34 {main}
REQUEST_URI=/fileHasilEkstrak/MyFirstApp/index.php?r=identitas
---
